[0m09:52:24.450285 [debug] [MainThread]: Sending event: {'category': 'dbt', 'action': 'invocation', 'label': 'start', 'context': [<snowplow_tracker.self_describing_json.SelfDescribingJson object at 0x000001EF2FDE41A0>, <snowplow_tracker.self_describing_json.SelfDescribingJson object at 0x000001EF2D701950>, <snowplow_tracker.self_describing_json.SelfDescribingJson object at 0x000001EF30C2BC50>]}


============================== 09:52:24.473292 | e3f1ba62-7b22-4a33-94fe-25425b270f24 ==============================
[0m09:52:24.473292 [info ] [MainThread]: Running with dbt=1.10.11
[0m09:52:24.479656 [debug] [MainThread]: running dbt with arguments {'partial_parse': 'True', 'profiles_dir': 'C:\\Users\\Noure\\.dbt', 'send_anonymous_usage_stats': 'True', 'version_check': 'True', 'cache_selected_only': 'False', 'target_path': 'None', 'warn_error': 'None', 'invocation_command': 'dbt init', 'log_format': 'default', 'use_colors': 'True', 'introspect': 'True', 'debug': 'False', 'printer_width': '80', 'fail_fast': 'False', 'no_print': 'None', 'use_experimental_parser': 'False', 'quiet': 'False', 'empty': 'None', 'log_cache_events': 'False', 'log_path': 'logs', 'indirect_selection': 'eager', 'write_json': 'True', 'static_parser': 'True', 'warn_error_options': 'WarnErrorOptionsV2(error=[], warn=[], silence=[])'}
[0m09:52:28.048066 [debug] [MainThread]: Starter project path: C:\Users\Noure\OneDrive\Desktop\Data_pipelines_projects\healthcare-data-pipeline\.venv\Lib\site-packages\dbt\include\starter_project
[0m09:52:28.135806 [info ] [MainThread]: 
Your new dbt project "healthcare_pipeline" was created!

For more information on how to configure the profiles.yml file,
please consult the dbt documentation here:

  https://docs.getdbt.com/docs/configure-your-profile

One more thing:

Need help? Don't hesitate to reach out to us via GitHub issues or on Slack:

  https://community.getdbt.com/

Happy modeling!

[0m09:52:28.138560 [info ] [MainThread]: Setting up your profile.
[0m09:57:09.330990 [info ] [MainThread]: Profile healthcare_pipeline written to C:\Users\Noure\.dbt\profiles.yml using target's profile_template.yml and your supplied values. Run 'dbt debug' to validate the connection.
[0m09:57:09.335279 [debug] [MainThread]: Command `dbt init` succeeded at 09:57:09.334924 after 285.60 seconds
[0m09:57:09.336442 [debug] [MainThread]: Sending event: {'category': 'dbt', 'action': 'invocation', 'label': 'end', 'context': [<snowplow_tracker.self_describing_json.SelfDescribingJson object at 0x000001EF32BAA190>, <snowplow_tracker.self_describing_json.SelfDescribingJson object at 0x000001EF30CCE330>, <snowplow_tracker.self_describing_json.SelfDescribingJson object at 0x000001EF32B42CF0>]}
[0m09:57:09.338465 [debug] [MainThread]: Flushing usage events
[0m09:57:11.246754 [debug] [MainThread]: An error was encountered while trying to flush usage events
